(mem-init (id 0) (tid 0) (address 0xaaaab9385000) (size 0x1000) (src "examples/tests/bad_bbm_by_wrong_VMID.c:26"))
(mem-init (id 1) (tid 0) (address 0xaaaab9386000) (size 0x1000) (src "examples/tests/bad_bbm_by_wrong_VMID.c:27"))
(mem-init (id 2) (tid 0) (address 0xaaaab9387000) (size 0x1000) (src "examples/tests/bad_bbm_by_wrong_VMID.c:28"))
(mem-init (id 3) (tid 0) (address 0xaaaab9388000) (size 0x1000) (src "examples/tests/bad_bbm_by_wrong_VMID.c:29"))
(hint (id 4) (tid 0) (kind set_root_lock) (location 0xaaaab9385000) (value 0xaaaab9389000) (src "examples/tests/bad_bbm_by_wrong_VMID.c:30"))
(hint (id 5) (tid 0) (kind set_owner_root) (location 0xaaaab9386000) (value 0xaaaab9385000) (src "examples/tests/bad_bbm_by_wrong_VMID.c:31"))
(hint (id 6) (tid 0) (kind set_owner_root) (location 0xaaaab9387000) (value 0xaaaab9385000) (src "examples/tests/bad_bbm_by_wrong_VMID.c:32"))
(mem-write (id 7) (tid 0) (mem-order plain) (address 0xaaaab9385000) (value 0xaaaab9386003) (src "examples/tests/bad_bbm_by_wrong_VMID.c:35"))
(sysreg-write (id 8) (tid 0) (sysreg vttbr_el2) (value 0xaaaab9385000) (src "examples/tests/bad_bbm_by_wrong_VMID.c:38"))
(lock (id 9) (tid 0) (address 0xaaaab9389000) (src "examples/tests/bad_bbm_by_wrong_VMID.c:40"))
(mem-write (id 10) (tid 0) (mem-order plain) (address 0xaaaab9385000) (value 0x0) (src "examples/tests/bad_bbm_by_wrong_VMID.c:41"))
(barrier (id 11) (tid 0) dsb (kind ish) (src "examples/tests/bad_bbm_by_wrong_VMID.c:44"))
(sysreg-write (id 12) (tid 0) (sysreg vttbr_el2) (value 0x1aaaab9388000) (src "examples/tests/bad_bbm_by_wrong_VMID.c:45"))
(barrier (id 13) (tid 0) dsb (kind ish) (src "examples/tests/bad_bbm_by_wrong_VMID.c:46"))
(tlbi (id 14) (tid 0) ipas2e1is (value 0x300000000000) (src "examples/tests/bad_bbm_by_wrong_VMID.c:47"))
(barrier (id 15) (tid 0) dsb (kind ish) (src "examples/tests/bad_bbm_by_wrong_VMID.c:48"))
(tlbi (id 16) (tid 0) vmalle1is (src "examples/tests/bad_bbm_by_wrong_VMID.c:49"))
(barrier (id 17) (tid 0) dsb (kind ish) (src "examples/tests/bad_bbm_by_wrong_VMID.c:50"))
(barrier (id 18) (tid 0) dsb (kind ish) (src "examples/tests/bad_bbm_by_wrong_VMID.c:52"))
(sysreg-write (id 19) (tid 0) (sysreg vttbr_el2) (value 0xaaaab9385000) (src "examples/tests/bad_bbm_by_wrong_VMID.c:54"))
(barrier (id 20) (tid 0) dsb (kind ish) (src "examples/tests/bad_bbm_by_wrong_VMID.c:55"))
(mem-write (id 21) (tid 0) (mem-order plain) (address 0xaaaab9385000) (value 0xaaaab9387003) (src "examples/tests/bad_bbm_by_wrong_VMID.c:57"))
! BBM invalid unclean->valid
