(sysreg-write (id 0) (tid 0) (sysreg vtcr_el2) (value 10) (src "examples/common.c:277"))
(sysreg-write (id 1) (tid 0) (sysreg tcr_el2) (value 10) (src "examples/common.c:278"))
(sysreg-write (id 2) (tid 0) (sysreg mair_el2) (value 0) (src "examples/common.c:279"))
(sysreg-write (id 3) (tid 0) (sysreg hcr_el2) (value 0) (src "examples/common.c:280"))
(sysreg-write (id 4) (tid 0) (sysreg sctlr_el2) (value 0) (src "examples/common.c:281"))
(mem-init (id 5) (tid 0) (address 23f000) (size 1000) (src "examples/tests/good_free_page.c:23"))
(mem-init (id 6) (tid 0) (address 240000) (size 1000) (src "examples/tests/good_free_page.c:24"))
(mem-init (id 7) (tid 0) (address 241000) (size 1000) (src "examples/tests/good_free_page.c:25"))
(hint (id 8) (tid 0) (kind set_root_lock) (location 23f000) (value 242000) (src "examples/tests/good_free_page.c:26"))
(hint (id 9) (tid 0) (kind set_root_lock) (location 241000) (value 242008) (src "examples/tests/good_free_page.c:27"))
(hint (id 10) (tid 0) (kind set_owner_root) (location 240000) (value 23f000) (src "examples/tests/good_free_page.c:28"))
(mem-write (id 11) (tid 0) (mem-order plain) (address 23f000) (value 240003) (src "examples/tests/good_free_page.c:29"))
(sysreg-write (id 12) (tid 0) (sysreg vttbr_el2) (value 23f000) (src "examples/tests/good_free_page.c:31"))
(sysreg-write (id 13) (tid 0) (sysreg hcr_el2) (value 1) (src "examples/tests/good_free_page.c:32"))
(lock (id 14) (tid 0) (address 242000) (src "examples/tests/good_free_page.c:35"))
(mem-write (id 15) (tid 0) (mem-order plain) (address 23f000) (value 0) (src "examples/tests/good_free_page.c:36"))
(barrier (id 16) (tid 0) dsb (kind ish) (src "examples/tests/good_free_page.c:37"))
(tlbi (id 17) (tid 0) alle1is (src "examples/tests/good_free_page.c:38"))
(barrier (id 18) (tid 0) dsb (kind ish) (src "examples/tests/good_free_page.c:39"))
(hint (id 19) (tid 0) (kind set_owner_root) (location 240000) (value 0) (src "examples/tests/good_free_page.c:40"))
(unlock (id 20) (tid 0) (address 242000) (src "examples/tests/good_free_page.c:41"))
(sysreg-write (id 21) (tid 0) (sysreg vttbr_el2) (value 1000000241000) (src "examples/tests/good_free_page.c:44"))
(lock (id 22) (tid 0) (address 242008) (src "examples/tests/good_free_page.c:45"))
(mem-write (id 23) (tid 0) (mem-order plain) (address 241000) (value 240003) (src "examples/tests/good_free_page.c:46"))
(unlock (id 24) (tid 0) (address 242008) (src "examples/tests/good_free_page.c:47"))
