(sysreg-write (id 0) (tid 0) (sysreg vtcr_el2) (value 10) (src "examples/common.c:277"))
(sysreg-write (id 1) (tid 0) (sysreg tcr_el2) (value 10) (src "examples/common.c:278"))
(sysreg-write (id 2) (tid 0) (sysreg mair_el2) (value 0) (src "examples/common.c:279"))
(sysreg-write (id 3) (tid 0) (sysreg hcr_el2) (value 0) (src "examples/common.c:280"))
(sysreg-write (id 4) (tid 0) (sysreg sctlr_el2) (value 0) (src "examples/common.c:281"))
(mem-init (id 5) (tid 0) (address 23f000) (size 1000) (src "examples/tests/good_bbm.c:25"))
(mem-init (id 6) (tid 0) (address 240000) (size 1000) (src "examples/tests/good_bbm.c:26"))
(mem-init (id 7) (tid 0) (address 241000) (size 1000) (src "examples/tests/good_bbm.c:27"))
(hint (id 8) (tid 0) (kind set_root_lock) (location 23f000) (value 242000) (src "examples/tests/good_bbm.c:28"))
(hint (id 9) (tid 0) (kind set_owner_root) (location 240000) (value 23f000) (src "examples/tests/good_bbm.c:29"))
(hint (id 10) (tid 0) (kind set_owner_root) (location 241000) (value 23f000) (src "examples/tests/good_bbm.c:30"))
(mem-write (id 11) (tid 0) (mem-order plain) (address 23f000) (value 240003) (src "examples/tests/good_bbm.c:33"))
(sysreg-write (id 12) (tid 0) (sysreg vttbr_el2) (value 23f000) (src "examples/tests/good_bbm.c:36"))
(sysreg-write (id 13) (tid 0) (sysreg hcr_el2) (value 1) (src "examples/tests/good_bbm.c:37"))
(lock (id 14) (tid 0) (address 242000) (src "examples/tests/good_bbm.c:39"))
(mem-write (id 15) (tid 0) (mem-order plain) (address 23f000) (value 0) (src "examples/tests/good_bbm.c:40"))
(barrier (id 16) (tid 0) dsb (kind ish) (src "examples/tests/good_bbm.c:41"))
(tlbi (id 17) (tid 0) alle1is (src "examples/tests/good_bbm.c:42"))
(barrier (id 18) (tid 0) dsb (kind ish) (src "examples/tests/good_bbm.c:43"))
(mem-write (id 19) (tid 0) (mem-order plain) (address 23f000) (value 241003) (src "examples/tests/good_bbm.c:44"))
(unlock (id 20) (tid 0) (address 242000) (src "examples/tests/good_bbm.c:45"))
