(sysreg-write (id 0) (tid 0) (sysreg vtcr_el2) (value 10) (src "examples/common.c:277"))
(sysreg-write (id 1) (tid 0) (sysreg tcr_el2) (value 10) (src "examples/common.c:278"))
(sysreg-write (id 2) (tid 0) (sysreg mair_el2) (value 0) (src "examples/common.c:279"))
(sysreg-write (id 3) (tid 0) (sysreg hcr_el2) (value 0) (src "examples/common.c:280"))
(sysreg-write (id 4) (tid 0) (sysreg sctlr_el2) (value 0) (src "examples/common.c:281"))
(mem-init (id 5) (tid 0) (address 23f000) (size 1000) (src "examples/tests/good_bbm_stage1.c:22"))
(mem-init (id 6) (tid 0) (address 240000) (size 1000) (src "examples/tests/good_bbm_stage1.c:23"))
(hint (id 7) (tid 0) (kind set_root_lock) (location 23f000) (value 241000) (src "examples/tests/good_bbm_stage1.c:24"))
(hint (id 8) (tid 0) (kind set_owner_root) (location 240000) (value 23f000) (src "examples/tests/good_bbm_stage1.c:25"))
(mem-write (id 9) (tid 0) (mem-order plain) (address 23f000) (value 240003) (src "examples/tests/good_bbm_stage1.c:28"))
(mem-write (id 10) (tid 0) (mem-order plain) (address 240000) (value dead001) (src "examples/tests/good_bbm_stage1.c:29"))
(sysreg-write (id 11) (tid 0) (sysreg ttbr0_el2) (value 23f000) (src "examples/tests/good_bbm_stage1.c:31"))
(sysreg-write (id 12) (tid 0) (sysreg sctlr_el2) (value 1) (src "examples/tests/good_bbm_stage1.c:32"))
(lock (id 13) (tid 0) (address 241000) (src "examples/tests/good_bbm_stage1.c:34"))
(mem-write (id 14) (tid 0) (mem-order plain) (address 240000) (value 0) (src "examples/tests/good_bbm_stage1.c:35"))
(barrier (id 15) (tid 0) dsb (kind ish) (src "examples/tests/good_bbm_stage1.c:36"))
(tlbi (id 16) (tid 0) vae2is (value 300000000000) (src "examples/tests/good_bbm_stage1.c:37"))
(barrier (id 17) (tid 0) dsb (kind ish) (src "examples/tests/good_bbm_stage1.c:38"))
(mem-write (id 18) (tid 0) (mem-order plain) (address 240000) (value beef001) (src "examples/tests/good_bbm_stage1.c:39"))
(unlock (id 19) (tid 0) (address 241000) (src "examples/tests/good_bbm_stage1.c:40"))
